0 info it worked if it ends with ok
1 verbose cli [ 'C:\\Program Files (x86)\\Nodist\\v-x64\\6.10.2\\node.exe',
1 verbose cli   'C:\\Program Files (x86)\\Nodist\\npmv\\4.0.5\\bin\\npm-cli.js',
1 verbose cli   'start' ]
2 info using npm@4.0.5
3 info using node@v6.10.2
4 verbose run-script [ 'prestart', 'start', 'poststart' ]
5 info lifecycle Pizza@1.0.0~prestart: Pizza@1.0.0
6 warn lifecycle The node binary used for scripts is C:\Program Files (x86)\Nodist\bin\node.exe but npm is using C:\Program Files (x86)\Nodist\v-x64\6.10.2\node.exe itself. Use the `--scripts-prepend-node-path` option to include the path for the node binary npm was executed with.
7 silly lifecycle Pizza@1.0.0~prestart: no script for prestart, continuing
8 info lifecycle Pizza@1.0.0~start: Pizza@1.0.0
9 verbose lifecycle Pizza@1.0.0~start: unsafe-perm in lifecycle true
10 verbose lifecycle Pizza@1.0.0~start: PATH: C:\Program Files (x86)\Nodist\npmv\4.0.5\bin\node-gyp-bin;C:\kosmo\brackets_projects\PodkovaT-JS-Pizza\node_modules\.bin;C:\Windows\system32;C:\Windows;C:\Windows\System32\Wbem;C:\Windows\System32\WindowsPowerShell\v1.0\;C:\Program Files\EPSON\OPOS for .NET\Lib64;C:\Program Files (x86)\SAP\SAP Business One DI API\JCO\LIB\;C:\Program Files (x86)\SAP\SAP Business One DI API\DI API 90;C:\Program Files (x86)\SAP\SAP Business One\;C:\Program Files\Git\cmd;C:\Program Files (x86)\Nodist\bin
11 verbose lifecycle Pizza@1.0.0~start: CWD: C:\kosmo\brackets_projects\PodkovaT-JS-Pizza
12 silly lifecycle Pizza@1.0.0~start: Args: [ '/d /s /c', 'node server.js' ]
13 silly lifecycle Pizza@1.0.0~start: Returned: code: 1  signal: null
14 info lifecycle Pizza@1.0.0~start: Failed to exec start script
15 verbose stack Error: Pizza@1.0.0 start: `node server.js`
15 verbose stack Exit status 1
15 verbose stack     at EventEmitter.<anonymous> (C:\Program Files (x86)\Nodist\npmv\4.0.5\lib\utils\lifecycle.js:279:16)
15 verbose stack     at emitTwo (events.js:106:13)
15 verbose stack     at EventEmitter.emit (events.js:191:7)
15 verbose stack     at ChildProcess.<anonymous> (C:\Program Files (x86)\Nodist\npmv\4.0.5\lib\utils\spawn.js:40:14)
15 verbose stack     at emitTwo (events.js:106:13)
15 verbose stack     at ChildProcess.emit (events.js:191:7)
15 verbose stack     at maybeClose (internal/child_process.js:886:16)
15 verbose stack     at Process.ChildProcess._handle.onexit (internal/child_process.js:226:5)
16 verbose pkgid Pizza@1.0.0
17 verbose cwd C:\kosmo\brackets_projects\PodkovaT-JS-Pizza\Backend\data
18 error Windows_NT 6.1.7601
19 error argv "C:\\Program Files (x86)\\Nodist\\v-x64\\6.10.2\\node.exe" "C:\\Program Files (x86)\\Nodist\\npmv\\4.0.5\\bin\\npm-cli.js" "start"
20 error node v6.10.2
21 error npm  v4.0.5
22 error code ELIFECYCLE
23 error Pizza@1.0.0 start: `node server.js`
23 error Exit status 1
24 error Failed at the Pizza@1.0.0 start script 'node server.js'.
24 error Make sure you have the latest version of node.js and npm installed.
24 error If you do, this is most likely a problem with the Pizza package,
24 error not with npm itself.
24 error Tell the author that this fails on your system:
24 error     node server.js
24 error You can get information on how to open an issue for this project with:
24 error     npm bugs Pizza
24 error Or if that isn't available, you can get their info via:
24 error     npm owner ls Pizza
24 error There is likely additional logging output above.
25 verbose exit [ 1, true ]
